CRITICAL - 2025-11-30 21:27:17 --> Call to undefined method App\Controllers\Page::failNotFound()
in APPPATH/Controllers/Page.php on line 776.
 1 SYSTEMPATH/CodeIgniter.php(942): App\Controllers\Page->load()
 2 SYSTEMPATH/CodeIgniter.php(502): CodeIgniter\CodeIgniter->runController()
 3 SYSTEMPATH/CodeIgniter.php(361): CodeIgniter\CodeIgniter->handleRequest()
 4 FCPATH/index.php(79): CodeIgniter\CodeIgniter->run()
CRITICAL - 2025-11-30 21:27:17 --> Call to undefined method App\Controllers\Page::failNotFound()
in APPPATH/Controllers/Page.php on line 776.
 1 SYSTEMPATH/CodeIgniter.php(942): App\Controllers\Page->load()
 2 SYSTEMPATH/CodeIgniter.php(502): CodeIgniter\CodeIgniter->runController()
 3 SYSTEMPATH/CodeIgniter.php(361): CodeIgniter\CodeIgniter->handleRequest()
 4 FCPATH/index.php(79): CodeIgniter\CodeIgniter->run()
CRITICAL - 2025-11-30 21:28:38 --> Call to undefined method App\Controllers\Page::failNotFound()
in APPPATH/Controllers/Page.php on line 776.
 1 SYSTEMPATH/CodeIgniter.php(942): App\Controllers\Page->load()
 2 SYSTEMPATH/CodeIgniter.php(502): CodeIgniter\CodeIgniter->runController()
 3 SYSTEMPATH/CodeIgniter.php(361): CodeIgniter\CodeIgniter->handleRequest()
 4 FCPATH/index.php(79): CodeIgniter\CodeIgniter->run()
CRITICAL - 2025-11-30 21:28:38 --> Call to undefined method App\Controllers\Page::failNotFound()
in APPPATH/Controllers/Page.php on line 776.
 1 SYSTEMPATH/CodeIgniter.php(942): App\Controllers\Page->load()
 2 SYSTEMPATH/CodeIgniter.php(502): CodeIgniter\CodeIgniter->runController()
 3 SYSTEMPATH/CodeIgniter.php(361): CodeIgniter\CodeIgniter->handleRequest()
 4 FCPATH/index.php(79): CodeIgniter\CodeIgniter->run()
CRITICAL - 2025-11-30 21:29:01 --> Call to undefined method App\Controllers\Page::failNotFound()
in APPPATH/Controllers/Page.php on line 776.
 1 SYSTEMPATH/CodeIgniter.php(942): App\Controllers\Page->load()
 2 SYSTEMPATH/CodeIgniter.php(502): CodeIgniter\CodeIgniter->runController()
 3 SYSTEMPATH/CodeIgniter.php(361): CodeIgniter\CodeIgniter->handleRequest()
 4 FCPATH/index.php(79): CodeIgniter\CodeIgniter->run()
CRITICAL - 2025-11-30 21:29:01 --> Call to undefined method App\Controllers\Page::failNotFound()
in APPPATH/Controllers/Page.php on line 776.
 1 SYSTEMPATH/CodeIgniter.php(942): App\Controllers\Page->load()
 2 SYSTEMPATH/CodeIgniter.php(502): CodeIgniter\CodeIgniter->runController()
 3 SYSTEMPATH/CodeIgniter.php(361): CodeIgniter\CodeIgniter->handleRequest()
 4 FCPATH/index.php(79): CodeIgniter\CodeIgniter->run()
CRITICAL - 2025-11-30 21:29:10 --> Call to undefined method App\Controllers\Page::failNotFound()
in APPPATH/Controllers/Page.php on line 776.
 1 SYSTEMPATH/CodeIgniter.php(942): App\Controllers\Page->load()
 2 SYSTEMPATH/CodeIgniter.php(502): CodeIgniter\CodeIgniter->runController()
 3 SYSTEMPATH/CodeIgniter.php(361): CodeIgniter\CodeIgniter->handleRequest()
 4 FCPATH/index.php(79): CodeIgniter\CodeIgniter->run()
CRITICAL - 2025-11-30 21:29:10 --> Call to undefined method App\Controllers\Page::failNotFound()
in APPPATH/Controllers/Page.php on line 776.
 1 SYSTEMPATH/CodeIgniter.php(942): App\Controllers\Page->load()
 2 SYSTEMPATH/CodeIgniter.php(502): CodeIgniter\CodeIgniter->runController()
 3 SYSTEMPATH/CodeIgniter.php(361): CodeIgniter\CodeIgniter->handleRequest()
 4 FCPATH/index.php(79): CodeIgniter\CodeIgniter->run()
CRITICAL - 2025-11-30 21:30:13 --> Call to undefined method App\Controllers\Page::failNotFound()
in APPPATH/Controllers/Page.php on line 776.
 1 SYSTEMPATH/CodeIgniter.php(942): App\Controllers\Page->load()
 2 SYSTEMPATH/CodeIgniter.php(502): CodeIgniter\CodeIgniter->runController()
 3 SYSTEMPATH/CodeIgniter.php(361): CodeIgniter\CodeIgniter->handleRequest()
 4 FCPATH/index.php(79): CodeIgniter\CodeIgniter->run()
CRITICAL - 2025-11-30 21:30:13 --> Call to undefined method App\Controllers\Page::failNotFound()
in APPPATH/Controllers/Page.php on line 776.
 1 SYSTEMPATH/CodeIgniter.php(942): App\Controllers\Page->load()
 2 SYSTEMPATH/CodeIgniter.php(502): CodeIgniter\CodeIgniter->runController()
 3 SYSTEMPATH/CodeIgniter.php(361): CodeIgniter\CodeIgniter->handleRequest()
 4 FCPATH/index.php(79): CodeIgniter\CodeIgniter->run()
