CRITICAL - 2025-11-18 03:14:04 --> Call to undefined method App\Controllers\Page::failNotFound()
in APPPATH/Controllers/Page.php on line 775.
 1 SYSTEMPATH/CodeIgniter.php(942): App\Controllers\Page->load()
 2 SYSTEMPATH/CodeIgniter.php(502): CodeIgniter\CodeIgniter->runController()
 3 SYSTEMPATH/CodeIgniter.php(361): CodeIgniter\CodeIgniter->handleRequest()
 4 FCPATH/index.php(79): CodeIgniter\CodeIgniter->run()
CRITICAL - 2025-11-18 03:14:04 --> Call to undefined method App\Controllers\Page::failNotFound()
in APPPATH/Controllers/Page.php on line 775.
 1 SYSTEMPATH/CodeIgniter.php(942): App\Controllers\Page->load()
 2 SYSTEMPATH/CodeIgniter.php(502): CodeIgniter\CodeIgniter->runController()
 3 SYSTEMPATH/CodeIgniter.php(361): CodeIgniter\CodeIgniter->handleRequest()
 4 FCPATH/index.php(79): CodeIgniter\CodeIgniter->run()
CRITICAL - 2025-11-18 03:29:32 --> Call to undefined method App\Controllers\Page::failNotFound()
in APPPATH/Controllers/Page.php on line 775.
 1 SYSTEMPATH/CodeIgniter.php(942): App\Controllers\Page->load()
 2 SYSTEMPATH/CodeIgniter.php(502): CodeIgniter\CodeIgniter->runController()
 3 SYSTEMPATH/CodeIgniter.php(361): CodeIgniter\CodeIgniter->handleRequest()
 4 FCPATH/index.php(79): CodeIgniter\CodeIgniter->run()
CRITICAL - 2025-11-18 03:29:32 --> Call to undefined method App\Controllers\Page::failNotFound()
in APPPATH/Controllers/Page.php on line 775.
 1 SYSTEMPATH/CodeIgniter.php(942): App\Controllers\Page->load()
 2 SYSTEMPATH/CodeIgniter.php(502): CodeIgniter\CodeIgniter->runController()
 3 SYSTEMPATH/CodeIgniter.php(361): CodeIgniter\CodeIgniter->handleRequest()
 4 FCPATH/index.php(79): CodeIgniter\CodeIgniter->run()
CRITICAL - 2025-11-18 03:29:40 --> Call to undefined method App\Controllers\Page::failNotFound()
in APPPATH/Controllers/Page.php on line 775.
 1 SYSTEMPATH/CodeIgniter.php(942): App\Controllers\Page->load()
 2 SYSTEMPATH/CodeIgniter.php(502): CodeIgniter\CodeIgniter->runController()
 3 SYSTEMPATH/CodeIgniter.php(361): CodeIgniter\CodeIgniter->handleRequest()
 4 FCPATH/index.php(79): CodeIgniter\CodeIgniter->run()
CRITICAL - 2025-11-18 03:29:40 --> Call to undefined method App\Controllers\Page::failNotFound()
in APPPATH/Controllers/Page.php on line 775.
 1 SYSTEMPATH/CodeIgniter.php(942): App\Controllers\Page->load()
 2 SYSTEMPATH/CodeIgniter.php(502): CodeIgniter\CodeIgniter->runController()
 3 SYSTEMPATH/CodeIgniter.php(361): CodeIgniter\CodeIgniter->handleRequest()
 4 FCPATH/index.php(79): CodeIgniter\CodeIgniter->run()
