CRITICAL - 2026-01-06 03:10:55 --> Call to undefined method App\Controllers\Page::failNotFound()
in APPPATH/Controllers/Page.php on line 776.
 1 SYSTEMPATH/CodeIgniter.php(942): App\Controllers\Page->load()
 2 SYSTEMPATH/CodeIgniter.php(502): CodeIgniter\CodeIgniter->runController()
 3 SYSTEMPATH/CodeIgniter.php(361): CodeIgniter\CodeIgniter->handleRequest()
 4 FCPATH/index.php(79): CodeIgniter\CodeIgniter->run()
CRITICAL - 2026-01-06 03:10:55 --> Call to undefined method App\Controllers\Page::failNotFound()
in APPPATH/Controllers/Page.php on line 776.
 1 SYSTEMPATH/CodeIgniter.php(942): App\Controllers\Page->load()
 2 SYSTEMPATH/CodeIgniter.php(502): CodeIgniter\CodeIgniter->runController()
 3 SYSTEMPATH/CodeIgniter.php(361): CodeIgniter\CodeIgniter->handleRequest()
 4 FCPATH/index.php(79): CodeIgniter\CodeIgniter->run()
CRITICAL - 2026-01-06 03:23:11 --> Call to undefined method App\Controllers\Page::failNotFound()
in APPPATH/Controllers/Page.php on line 776.
 1 SYSTEMPATH/CodeIgniter.php(942): App\Controllers\Page->load()
 2 SYSTEMPATH/CodeIgniter.php(502): CodeIgniter\CodeIgniter->runController()
 3 SYSTEMPATH/CodeIgniter.php(361): CodeIgniter\CodeIgniter->handleRequest()
 4 FCPATH/index.php(79): CodeIgniter\CodeIgniter->run()
CRITICAL - 2026-01-06 03:23:11 --> Call to undefined method App\Controllers\Page::failNotFound()
in APPPATH/Controllers/Page.php on line 776.
 1 SYSTEMPATH/CodeIgniter.php(942): App\Controllers\Page->load()
 2 SYSTEMPATH/CodeIgniter.php(502): CodeIgniter\CodeIgniter->runController()
 3 SYSTEMPATH/CodeIgniter.php(361): CodeIgniter\CodeIgniter->handleRequest()
 4 FCPATH/index.php(79): CodeIgniter\CodeIgniter->run()
